<?xml version="1.0" encoding="UTF-8"?>
<testng-results ignored="0" total="1" passed="1" failed="0" skipped="0">
  <reporter-output>
  </reporter-output>
  <suite started-at="2024-09-03T13:18:57 BDT" name="Default suite" finished-at="2024-09-03T13:20:49 BDT" duration-ms="112649">
    <groups>
    </groups>
    <test started-at="2024-09-03T13:18:57 BDT" name="Default test" finished-at="2024-09-03T13:20:49 BDT" duration-ms="112649">
      <class name="saifulsahim.Appium.AppiumBasics">
        <test-method signature="ChalDalAutomation()[pri:0, instance:saifulsahim.Appium.AppiumBasics@2e8c1c9b]" started-at="2024-09-03T13:18:57 BDT" name="ChalDalAutomation" finished-at="2024-09-03T13:20:49 BDT" duration-ms="112533" status="PASS">
          <reporter-output>
          </reporter-output>
        </test-method> <!-- ChalDalAutomation -->
      </class> <!-- saifulsahim.Appium.AppiumBasics -->
    </test> <!-- Default test -->
  </suite> <!-- Default suite -->
</testng-results>
